<?xml version="1.0" encoding="UTF-8"?>
<testsuites name="Mocha Tests" time="39.77799999999999" tests="18" failures="0">
  <testsuite name="Root Suite" timestamp="2016-04-08T06:35:10" tests="0" failures="0" time="0">
  </testsuite>
  <testsuite name="Check array row detail navigation" timestamp="2016-04-08T06:35:10" tests="3" failures="0" time="14.277">
    <testcase name="Root Suite Check array row detail navigation Navigate to test page" time="8.52" classname="Navigate to test page">
    </testcase>
    <testcase name="Root Suite Check array row detail navigation Open and apply authoring" time="4.991" classname="Open and apply authoring">
    </testcase>
    <testcase name="Root Suite Check array row detail navigation Navigate to row detail page" time="0.766" classname="Navigate to row detail page">
    </testcase>
  </testsuite>
  <testsuite name="Test CRUD on AQMCRUDM" timestamp="2016-04-08T06:35:32" tests="6" failures="0" time="14.879999999999999">
    <testcase name="Root Suite Test CRUD on AQMCRUDM Navigate to create page" time="5.292" classname="Navigate to create page">
    </testcase>
    <testcase name="Root Suite Test CRUD on AQMCRUDM Enter data and save" time="3.359" classname="Enter data and save">
    </testcase>
    <testcase name="Root Suite Test CRUD on AQMCRUDM Search new record" time="0.935" classname="Search new record">
    </testcase>
    <testcase name="Root Suite Test CRUD on AQMCRUDM Goto detail page and validate TEXTE" time="1.289" classname="Goto detail page and validate TEXTE">
    </testcase>
    <testcase name="Root Suite Test CRUD on AQMCRUDM Goto edit page and change TEXTE" time="2.725" classname="Goto edit page and change TEXTE">
    </testcase>
    <testcase name="Root Suite Test CRUD on AQMCRUDM Delete test record" time="1.28" classname="Delete test record">
    </testcase>
  </testsuite>
  <testsuite name="Check dashboard with context" timestamp="2016-04-08T06:35:52" tests="2" failures="0" time="3.8630000000000004">
    <testcase name="Root Suite Check dashboard with context Navigate to test page" time="3.748" classname="Navigate to test page">
    </testcase>
    <testcase name="Root Suite Check dashboard with context Check result" time="0.115" classname="Check result">
    </testcase>
  </testsuite>
  <testsuite name="Basic login test" timestamp="2016-04-08T06:36:02" tests="1" failures="0" time="0">
    <testcase name="Root Suite Basic login test Login" time="0" classname="Login">
    </testcase>
  </testsuite>
  <testsuite name="Chart detail navigation" timestamp="2016-04-08T06:36:07" tests="2" failures="0" time="3.8389999999999995">
    <testcase name="Root Suite Chart detail navigation Navigate to test page" time="2.804" classname="Navigate to test page">
    </testcase>
    <testcase name="Root Suite Chart detail navigation Open chart detail" time="1.035" classname="Open chart detail">
    </testcase>
  </testsuite>
  <testsuite name="Welcome page customization" timestamp="2016-04-08T06:36:17" tests="4" failures="0" time="2.919">
    <testcase name="Root Suite Welcome page customization Open panel" time="1.69" classname="Open panel">
    </testcase>
    <testcase name="Root Suite Welcome page customization Customize color and title" time="0.454" classname="Customize color and title">
    </testcase>
    <testcase name="Root Suite Welcome page customization Close panel" time="0.711" classname="Close panel">
    </testcase>
    <testcase name="Root Suite Welcome page customization Check result" time="0.064" classname="Check result">
    </testcase>
  </testsuite>
</testsuites>